Arguments: 
  D:\Programy2\Nodejs\node.exe C:\Program Files (x86)\Yarn\bin\yarn.js add gatsby-plugin-smoothscroll

PATH: 
  C:\Python310\Scripts\;C:\Python310\;C:\WINDOWS\system32;C:\WINDOWS;C:\WINDOWS\System32\Wbem;C:\WINDOWS\System32\WindowsPowerShell\v1.0\;C:\WINDOWS\System32\OpenSSH\;D:\Programy2\Nodejs\;C:\ProgramData\chocolatey\bin;C:\Program Files\Git\cmd;C:\Program Files\dotnet\;C:\Program Files (x86)\Yarn\bin\;C:\Program Files\NVIDIA Corporation\NVIDIA NvDLISR;C:\Program Files (x86)\NVIDIA Corporation\PhysX\Common;C:\Program Files (x86)\dotnet\;C:\Users\Komputer\AppData\Local\Microsoft\WindowsApps;D:\Programy2\Microsoft VS Code\bin;C:\Users\Komputer\AppData\Roaming\npm;C:\Users\Komputer\.dotnet\tools;C:\Users\Komputer\AppData\Local\Yarn\bin;C:\Users\Komputer\AppData\Local\GitHubDesktop\bin

Yarn version: 
  1.22.15

Node version: 
  16.13.0

Platform: 
  win32 x64

Trace: 
  Error: EPERM: operation not permitted, unlink 'D:\programowanieProj\Samplawa\my-gatsby-site\node_modules\msgpackr-extract\prebuilds\win32-x64\node.abi93.node'

npm manifest: 
  {
    "name": "my-gatsby-site",
    "version": "1.0.0",
    "private": true,
    "description": "Samplawa",
    "author": "kamil_desktop",
    "keywords": [
      "gatsby"
    ],
    "scripts": {
      "develop": "gatsby develop",
      "start": "gatsby develop",
      "build": "gatsby build",
      "serve": "gatsby serve",
      "clean": "gatsby clean"
    },
    "dependencies": {
      "babel-plugin-styled-components": "^2.0.0",
      "bootstrap": "^5.1.3",
      "gatsby": "^4.1.3",
      "gatsby-plugin-netlify-cms": "^6.1.0",
      "gatsby-plugin-sass": "^5.1.1",
      "gatsby-plugin-styled-components": "^5.2.0",
      "gatsby-source-filesystem": "^4.2.0",
      "gatsby-transformer-remark": "^5.2.0",
      "netlify-cms-app": "^2.15.59",
      "react": "^17.0.1",
      "react-bootstrap": "^2.0.2",
      "react-dom": "^17.0.1",
      "sass": "^1.43.4",
      "styled-components": "^5.3.3"
    }
  }

yarn manifest: 
  No manifest

Lockfile: 
  No lockfile
